<?xml version="1.0" encoding="UTF-8"?>
<!-- Generated by org.testng.reporters.JUnitReportReporter -->
<testsuite hostname="user-PC" failures="0" tests="1" name="com.crm.qa.Generatelogs.GenerateLogs" time="44.177" errors="0" timestamp="2020-09-30T15:36:56 PDT" skipped="0">
  <testcase classname="com.crm.qa.Generatelogs.GenerateLogs" name="launchbrowser" time="44.177"/>
  <system-out/>
</testsuite> <!-- com.crm.qa.Generatelogs.GenerateLogs -->
